\BOOKMARK [0][-]{chapter.1}{\376\377\0001\000\040\000N\000a\000m\000e\000s\000p\000a\000c\000e\000\040\000I\000n\000d\000e\000x}{}% 1
\BOOKMARK [1][-]{section.1.1}{\376\377\0001\000.\0001\000\040\000N\000a\000m\000e\000s\000p\000a\000c\000e\000\040\000L\000i\000s\000t}{chapter.1}% 2
\BOOKMARK [0][-]{chapter.2}{\376\377\0002\000\040\000H\000i\000e\000r\000a\000r\000c\000h\000i\000c\000a\000l\000\040\000I\000n\000d\000e\000x}{}% 3
\BOOKMARK [1][-]{section.2.1}{\376\377\0002\000.\0001\000\040\000C\000l\000a\000s\000s\000\040\000H\000i\000e\000r\000a\000r\000c\000h\000y}{chapter.2}% 4
\BOOKMARK [0][-]{chapter.3}{\376\377\0003\000\040\000C\000l\000a\000s\000s\000\040\000I\000n\000d\000e\000x}{}% 5
\BOOKMARK [1][-]{section.3.1}{\376\377\0003\000.\0001\000\040\000C\000l\000a\000s\000s\000\040\000L\000i\000s\000t}{chapter.3}% 6
\BOOKMARK [0][-]{chapter.4}{\376\377\0004\000\040\000F\000i\000l\000e\000\040\000I\000n\000d\000e\000x}{}% 7
\BOOKMARK [1][-]{section.4.1}{\376\377\0004\000.\0001\000\040\000F\000i\000l\000e\000\040\000L\000i\000s\000t}{chapter.4}% 8
\BOOKMARK [0][-]{chapter.5}{\376\377\0005\000\040\000N\000a\000m\000e\000s\000p\000a\000c\000e\000\040\000D\000o\000c\000u\000m\000e\000n\000t\000a\000t\000i\000o\000n}{}% 9
\BOOKMARK [1][-]{section.5.1}{\376\377\0005\000.\0001\000\040\000K\000a\000l\000k\000u\000l\000a\000c\000k\000a\000\040\000N\000a\000m\000e\000s\000p\000a\000c\000e\000\040\000R\000e\000f\000e\000r\000e\000n\000c\000e}{chapter.5}% 10
\BOOKMARK [1][-]{section.5.2}{\376\377\0005\000.\0002\000\040\000K\000a\000l\000k\000u\000l\000a\000c\000k\000a\000.\000P\000r\000o\000p\000e\000r\000t\000i\000e\000s\000\040\000N\000a\000m\000e\000s\000p\000a\000c\000e\000\040\000R\000e\000f\000e\000r\000e\000n\000c\000e}{chapter.5}% 11
\BOOKMARK [1][-]{section.5.3}{\376\377\0005\000.\0003\000\040\000M\000a\000t\000h\000C\000o\000m\000p\000o\000n\000e\000n\000t\000s\000N\000S\000\040\000N\000a\000m\000e\000s\000p\000a\000c\000e\000\040\000R\000e\000f\000e\000r\000e\000n\000c\000e}{chapter.5}% 12
\BOOKMARK [1][-]{section.5.4}{\376\377\0005\000.\0004\000\040\000M\000a\000t\000h\000T\000e\000s\000t\000\040\000N\000a\000m\000e\000s\000p\000a\000c\000e\000\040\000R\000e\000f\000e\000r\000e\000n\000c\000e}{chapter.5}% 13
\BOOKMARK [1][-]{section.5.5}{\376\377\0005\000.\0005\000\040\000P\000r\000o\000f\000i\000l\000i\000n\000g\000\040\000N\000a\000m\000e\000s\000p\000a\000c\000e\000\040\000R\000e\000f\000e\000r\000e\000n\000c\000e}{chapter.5}% 14
\BOOKMARK [0][-]{chapter.6}{\376\377\0006\000\040\000C\000l\000a\000s\000s\000\040\000D\000o\000c\000u\000m\000e\000n\000t\000a\000t\000i\000o\000n}{}% 15
\BOOKMARK [1][-]{section.6.1}{\376\377\0006\000.\0001\000\040\000M\000a\000t\000h\000T\000e\000s\000t\000.\000B\000a\000s\000i\000c\000M\000a\000t\000h\000T\000e\000s\000t\000s\000\040\000C\000l\000a\000s\000s\000\040\000R\000e\000f\000e\000r\000e\000n\000c\000e}{chapter.6}% 16
\BOOKMARK [2][-]{subsection.6.1.1}{\376\377\0006\000.\0001\000.\0001\000\040\000M\000e\000m\000b\000e\000r\000\040\000F\000u\000n\000c\000t\000i\000o\000n\000\040\000D\000o\000c\000u\000m\000e\000n\000t\000a\000t\000i\000o\000n}{section.6.1}% 17
\BOOKMARK [3][-]{subsubsection.6.1.1.1}{\376\377\0006\000.\0001\000.\0001\000.\0001\000\040\000R\000o\000u\000n\000d\000O\000f\000f\000\050\000\051}{subsection.6.1.1}% 18
\BOOKMARK [3][-]{subsubsection.6.1.1.2}{\376\377\0006\000.\0001\000.\0001\000.\0002\000\040\000T\000e\000s\000t\000A\000d\000d\000i\000t\000i\000o\000n\000\050\000\051}{subsection.6.1.1}% 19
\BOOKMARK [3][-]{subsubsection.6.1.1.3}{\376\377\0006\000.\0001\000.\0001\000.\0003\000\040\000T\000e\000s\000t\000A\000r\000c\000c\000o\000s\000\050\000\051}{subsection.6.1.1}% 20
\BOOKMARK [3][-]{subsubsection.6.1.1.4}{\376\377\0006\000.\0001\000.\0001\000.\0004\000\040\000T\000e\000s\000t\000A\000r\000c\000s\000i\000n\000\050\000\051}{subsection.6.1.1}% 21
\BOOKMARK [3][-]{subsubsection.6.1.1.5}{\376\377\0006\000.\0001\000.\0001\000.\0005\000\040\000T\000e\000s\000t\000A\000r\000c\000t\000a\000n\000\050\000\051}{subsection.6.1.1}% 22
\BOOKMARK [3][-]{subsubsection.6.1.1.6}{\376\377\0006\000.\0001\000.\0001\000.\0006\000\040\000T\000e\000s\000t\000C\000o\000s\000\050\000\051}{subsection.6.1.1}% 23
\BOOKMARK [3][-]{subsubsection.6.1.1.7}{\376\377\0006\000.\0001\000.\0001\000.\0007\000\040\000T\000e\000s\000t\000D\000i\000v\000i\000s\000i\000o\000n\000\050\000\051}{subsection.6.1.1}% 24
\BOOKMARK [3][-]{subsubsection.6.1.1.8}{\376\377\0006\000.\0001\000.\0001\000.\0008\000\040\000T\000e\000s\000t\000E\000x\000p\000o\000n\000e\000n\000t\000i\000a\000t\000i\000o\000n\000\050\000\051}{subsection.6.1.1}% 25
\BOOKMARK [3][-]{subsubsection.6.1.1.9}{\376\377\0006\000.\0001\000.\0001\000.\0009\000\040\000T\000e\000s\000t\000F\000a\000c\000t\000o\000r\000i\000a\000l\000\050\000\051}{subsection.6.1.1}% 26
\BOOKMARK [3][-]{subsubsection.6.1.1.10}{\376\377\0006\000.\0001\000.\0001\000.\0001\0000\000\040\000T\000e\000s\000t\000L\000o\000g\000a\000r\000i\000t\000h\000m\000\050\000\051}{subsection.6.1.1}% 27
\BOOKMARK [3][-]{subsubsection.6.1.1.11}{\376\377\0006\000.\0001\000.\0001\000.\0001\0001\000\040\000T\000e\000s\000t\000M\000u\000l\000t\000i\000p\000l\000i\000c\000a\000t\000i\000o\000n\000\050\000\051}{subsection.6.1.1}% 28
\BOOKMARK [3][-]{subsubsection.6.1.1.12}{\376\377\0006\000.\0001\000.\0001\000.\0001\0002\000\040\000T\000e\000s\000t\000R\000a\000n\000d\000o\000m\000\050\000\051}{subsection.6.1.1}% 29
\BOOKMARK [3][-]{subsubsection.6.1.1.13}{\376\377\0006\000.\0001\000.\0001\000.\0001\0003\000\040\000T\000e\000s\000t\000R\000o\000o\000t\000\050\000\051}{subsection.6.1.1}% 30
\BOOKMARK [3][-]{subsubsection.6.1.1.14}{\376\377\0006\000.\0001\000.\0001\000.\0001\0004\000\040\000T\000e\000s\000t\000S\000i\000n\000\050\000\051}{subsection.6.1.1}% 31
\BOOKMARK [3][-]{subsubsection.6.1.1.15}{\376\377\0006\000.\0001\000.\0001\000.\0001\0005\000\040\000T\000e\000s\000t\000S\000u\000b\000t\000r\000a\000c\000t\000i\000o\000n\000\050\000\051}{subsection.6.1.1}% 32
\BOOKMARK [3][-]{subsubsection.6.1.1.16}{\376\377\0006\000.\0001\000.\0001\000.\0001\0006\000\040\000T\000e\000s\000t\000T\000a\000n\000\050\000\051}{subsection.6.1.1}% 33
\BOOKMARK [1][-]{section.6.2}{\376\377\0006\000.\0002\000\040\000K\000a\000l\000k\000u\000l\000a\000c\000k\000a\000.\000F\000o\000r\000m\0001\000\040\000C\000l\000a\000s\000s\000\040\000R\000e\000f\000e\000r\000e\000n\000c\000e}{chapter.6}% 34
\BOOKMARK [2][-]{subsection.6.2.1}{\376\377\0006\000.\0002\000.\0001\000\040\000C\000o\000n\000s\000t\000r\000u\000c\000t\000o\000r\000\040\000\046\000\040\000D\000e\000s\000t\000r\000u\000c\000t\000o\000r\000\040\000D\000o\000c\000u\000m\000e\000n\000t\000a\000t\000i\000o\000n}{section.6.2}% 35
\BOOKMARK [3][-]{subsubsection.6.2.1.1}{\376\377\0006\000.\0002\000.\0001\000.\0001\000\040\000F\000o\000r\000m\0001\000\050\000\051}{subsection.6.2.1}% 36
\BOOKMARK [2][-]{subsection.6.2.2}{\376\377\0006\000.\0002\000.\0002\000\040\000M\000e\000m\000b\000e\000r\000\040\000F\000u\000n\000c\000t\000i\000o\000n\000\040\000D\000o\000c\000u\000m\000e\000n\000t\000a\000t\000i\000o\000n}{section.6.2}% 37
\BOOKMARK [3][-]{subsubsection.6.2.2.1}{\376\377\0006\000.\0002\000.\0002\000.\0001\000\040\000C\000a\000l\000c\000u\000l\000a\000t\000e\000\050\000\051}{subsection.6.2.2}% 38
\BOOKMARK [3][-]{subsubsection.6.2.2.2}{\376\377\0006\000.\0002\000.\0002\000.\0002\000\040\000C\000l\000e\000a\000r\000\050\000\051}{subsection.6.2.2}% 39
\BOOKMARK [3][-]{subsubsection.6.2.2.3}{\376\377\0006\000.\0002\000.\0002\000.\0003\000\040\000d\000e\000c\000P\000o\000i\000n\000t\000\137\000C\000l\000i\000c\000k\000\050\000\051}{subsection.6.2.2}% 40
\BOOKMARK [3][-]{subsubsection.6.2.2.4}{\376\377\0006\000.\0002\000.\0002\000.\0004\000\040\000D\000i\000s\000p\000o\000s\000e\000\050\000\051}{subsection.6.2.2}% 41
\BOOKMARK [3][-]{subsubsection.6.2.2.5}{\376\377\0006\000.\0002\000.\0002\000.\0005\000\040\000F\000o\000r\000m\0001\000\137\000L\000o\000a\000d\000\050\000\051}{subsection.6.2.2}% 42
\BOOKMARK [3][-]{subsubsection.6.2.2.6}{\376\377\0006\000.\0002\000.\0002\000.\0006\000\040\000I\000n\000i\000t\000i\000a\000l\000i\000z\000e\000C\000o\000m\000p\000o\000n\000e\000n\000t\000\050\000\051}{subsection.6.2.2}% 43
\BOOKMARK [3][-]{subsubsection.6.2.2.7}{\376\377\0006\000.\0002\000.\0002\000.\0007\000\040\000I\000n\000s\000t\000a\000n\000t\000O\000p\000\137\000C\000l\000i\000c\000k\000\050\000\051}{subsection.6.2.2}% 44
\BOOKMARK [3][-]{subsubsection.6.2.2.8}{\376\377\0006\000.\0002\000.\0002\000.\0008\000\040\000l\000e\000n\000g\000t\000h\000\050\000\051}{subsection.6.2.2}% 45
\BOOKMARK [3][-]{subsubsection.6.2.2.9}{\376\377\0006\000.\0002\000.\0002\000.\0009\000\040\000M\000m\000i\000n\000u\000s\000\137\000C\000l\000i\000c\000k\000\050\000\051}{subsection.6.2.2}% 46
\BOOKMARK [3][-]{subsubsection.6.2.2.10}{\376\377\0006\000.\0002\000.\0002\000.\0001\0000\000\040\000M\000p\000l\000u\000s\000\137\000C\000l\000i\000c\000k\000\050\000\051}{subsection.6.2.2}% 47
\BOOKMARK [3][-]{subsubsection.6.2.2.11}{\376\377\0006\000.\0002\000.\0002\000.\0001\0001\000\040\000M\000R\000C\000\137\000C\000l\000i\000c\000k\000\050\000\051}{subsection.6.2.2}% 48
\BOOKMARK [3][-]{subsubsection.6.2.2.12}{\376\377\0006\000.\0002\000.\0002\000.\0001\0002\000\040\000N\000u\000m\000b\000e\000r\000\137\000c\000l\000i\000c\000k\000\050\000\051}{subsection.6.2.2}% 49
\BOOKMARK [3][-]{subsubsection.6.2.2.13}{\376\377\0006\000.\0002\000.\0002\000.\0001\0003\000\040\000o\000f\000f\000\137\000C\000l\000i\000c\000k\000\050\000\051}{subsection.6.2.2}% 50
\BOOKMARK [3][-]{subsubsection.6.2.2.14}{\376\377\0006\000.\0002\000.\0002\000.\0001\0004\000\040\000o\000p\000e\000r\000a\000t\000i\000o\000n\000\137\000C\000l\000i\000c\000k\000\050\000\051}{subsection.6.2.2}% 51
\BOOKMARK [3][-]{subsubsection.6.2.2.15}{\376\377\0006\000.\0002\000.\0002\000.\0001\0005\000\040\000s\000h\000i\000f\000t\000\137\000C\000l\000i\000c\000k\000\050\000\051}{subsection.6.2.2}% 52
\BOOKMARK [3][-]{subsubsection.6.2.2.16}{\376\377\0006\000.\0002\000.\0002\000.\0001\0006\000\040\000s\000u\000b\000t\000r\000a\000c\000t\000i\000o\000n\000\137\000C\000l\000i\000c\000k\000\050\000\051}{subsection.6.2.2}% 53
\BOOKMARK [3][-]{subsubsection.6.2.2.17}{\376\377\0006\000.\0002\000.\0002\000.\0001\0007\000\040\000t\000e\000x\000t\000B\000o\000x\0001\000\137\000K\000e\000y\000P\000r\000e\000s\000s\000\050\000\051}{subsection.6.2.2}% 54
\BOOKMARK [3][-]{subsubsection.6.2.2.18}{\376\377\0006\000.\0002\000.\0002\000.\0001\0008\000\040\000V\000a\000l\000i\000d\000\137\000C\000h\000k\000\050\000\051}{subsection.6.2.2}% 55
\BOOKMARK [3][-]{subsubsection.6.2.2.19}{\376\377\0006\000.\0002\000.\0002\000.\0001\0009\000\040\000Z\000e\000r\000o\000C\000l\000e\000a\000r\000\050\000\051}{subsection.6.2.2}% 56
\BOOKMARK [2][-]{subsection.6.2.3}{\376\377\0006\000.\0002\000.\0003\000\040\000M\000e\000m\000b\000e\000r\000\040\000D\000a\000t\000a\000\040\000D\000o\000c\000u\000m\000e\000n\000t\000a\000t\000i\000o\000n}{section.6.2}% 57
\BOOKMARK [3][-]{subsubsection.6.2.3.1}{\376\377\0006\000.\0002\000.\0003\000.\0001\000\040\000A\000C}{subsection.6.2.3}% 58
\BOOKMARK [3][-]{subsubsection.6.2.3.2}{\376\377\0006\000.\0002\000.\0003\000.\0002\000\040\000a\000d\000d\000i\000t\000i\000o\000n}{subsection.6.2.3}% 59
\BOOKMARK [3][-]{subsubsection.6.2.3.3}{\376\377\0006\000.\0002\000.\0003\000.\0003\000\040\000a\000n\000s}{subsection.6.2.3}% 60
\BOOKMARK [3][-]{subsubsection.6.2.3.4}{\376\377\0006\000.\0002\000.\0003\000.\0004\000\040\000A\000N\000S}{subsection.6.2.3}% 61
\BOOKMARK [3][-]{subsubsection.6.2.3.5}{\376\377\0006\000.\0002\000.\0003\000.\0005\000\040\000a\000r\000c\000c\000o\000s}{subsection.6.2.3}% 62
\BOOKMARK [3][-]{subsubsection.6.2.3.6}{\376\377\0006\000.\0002\000.\0003\000.\0006\000\040\000a\000r\000c\000s\000i\000n}{subsection.6.2.3}% 63
\BOOKMARK [3][-]{subsubsection.6.2.3.7}{\376\377\0006\000.\0002\000.\0003\000.\0007\000\040\000a\000r\000c\000t\000a\000n}{subsection.6.2.3}% 64
\BOOKMARK [3][-]{subsubsection.6.2.3.8}{\376\377\0006\000.\0002\000.\0003\000.\0008\000\040\000b\000o\000o\000l}{subsection.6.2.3}% 65
\BOOKMARK [3][-]{subsubsection.6.2.3.9}{\376\377\0006\000.\0002\000.\0003\000.\0009\000\040\000c\000o\000m\000p\000o\000n\000e\000n\000t\000s}{subsection.6.2.3}% 66
\BOOKMARK [3][-]{subsubsection.6.2.3.10}{\376\377\0006\000.\0002\000.\0003\000.\0001\0000\000\040\000c\000o\000s}{subsection.6.2.3}% 67
\BOOKMARK [3][-]{subsubsection.6.2.3.11}{\376\377\0006\000.\0002\000.\0003\000.\0001\0001\000\040\000d\000e\000c\000P\000o\000i\000n\000t}{subsection.6.2.3}% 68
\BOOKMARK [3][-]{subsubsection.6.2.3.12}{\376\377\0006\000.\0002\000.\0003\000.\0001\0002\000\040\000d\000e\000l}{subsection.6.2.3}% 69
\BOOKMARK [3][-]{subsubsection.6.2.3.13}{\376\377\0006\000.\0002\000.\0003\000.\0001\0003\000\040\000D\000i\000s\000p\000l\000a\000y\000e\000d\000M}{subsection.6.2.3}% 70
\BOOKMARK [3][-]{subsubsection.6.2.3.14}{\376\377\0006\000.\0002\000.\0003\000.\0001\0004\000\040\000d\000i\000v\000i\000s\000i\000o\000n}{subsection.6.2.3}% 71
\BOOKMARK [3][-]{subsubsection.6.2.3.15}{\376\377\0006\000.\0002\000.\0003\000.\0001\0005\000\040\000e\000q\000u\000a\000l\000s}{subsection.6.2.3}% 72
\BOOKMARK [3][-]{subsubsection.6.2.3.16}{\376\377\0006\000.\0002\000.\0003\000.\0001\0006\000\040\000e\000r\000a\000s\000e}{subsection.6.2.3}% 73
\BOOKMARK [3][-]{subsubsection.6.2.3.17}{\376\377\0006\000.\0002\000.\0003\000.\0001\0007\000\040\000e\000u\000l\000e\000r}{subsection.6.2.3}% 74
\BOOKMARK [3][-]{subsubsection.6.2.3.18}{\376\377\0006\000.\0002\000.\0003\000.\0001\0008\000\040\000f\000a\000c\000t\000o\000r\000i\000a\000l}{subsection.6.2.3}% 75
\BOOKMARK [3][-]{subsubsection.6.2.3.19}{\376\377\0006\000.\0002\000.\0003\000.\0001\0009\000\040\000f\000i\000r\000s\000t\000N\000u\000m}{subsection.6.2.3}% 76
\BOOKMARK [3][-]{subsubsection.6.2.3.20}{\376\377\0006\000.\0002\000.\0003\000.\0002\0000\000\040\000l\000i\000s\000t\000P\000a\000n\000e\000l}{subsection.6.2.3}% 77
\BOOKMARK [3][-]{subsubsection.6.2.3.21}{\376\377\0006\000.\0002\000.\0003\000.\0002\0001\000\040\000l\000n}{subsection.6.2.3}% 78
\BOOKMARK [3][-]{subsubsection.6.2.3.22}{\376\377\0006\000.\0002\000.\0003\000.\0002\0002\000\040\000l\000o\000g}{subsection.6.2.3}% 79
\BOOKMARK [3][-]{subsubsection.6.2.3.23}{\376\377\0006\000.\0002\000.\0003\000.\0002\0003\000\040\000l\000o\000g\000D\000e\000c}{subsection.6.2.3}% 80
\BOOKMARK [3][-]{subsubsection.6.2.3.24}{\376\377\0006\000.\0002\000.\0003\000.\0002\0004\000\040\000M\000E\000M}{subsection.6.2.3}% 81
\BOOKMARK [3][-]{subsubsection.6.2.3.25}{\376\377\0006\000.\0002\000.\0003\000.\0002\0005\000\040\000M\000m\000i\000n\000u\000s}{subsection.6.2.3}% 82
\BOOKMARK [3][-]{subsubsection.6.2.3.26}{\376\377\0006\000.\0002\000.\0003\000.\0002\0006\000\040\000M\000p\000l\000u\000s}{subsection.6.2.3}% 83
\BOOKMARK [3][-]{subsubsection.6.2.3.27}{\376\377\0006\000.\0002\000.\0003\000.\0002\0007\000\040\000M\000R\000C}{subsection.6.2.3}% 84
\BOOKMARK [3][-]{subsubsection.6.2.3.28}{\376\377\0006\000.\0002\000.\0003\000.\0002\0008\000\040\000m\000u\000l\000t\000i\000p\000l\000i\000c\000a\000t\000i\000o\000n}{subsection.6.2.3}% 85
\BOOKMARK [3][-]{subsubsection.6.2.3.29}{\376\377\0006\000.\0002\000.\0003\000.\0002\0009\000\040\000m\000u\000l\000t\000i\000p\000l\000i\000c\000a\000t\000i\000o\000n\0001\0000}{subsection.6.2.3}% 86
\BOOKMARK [3][-]{subsubsection.6.2.3.30}{\376\377\0006\000.\0002\000.\0003\000.\0003\0000\000\040\000n\000e\000w\000M\000a\000t\000h}{subsection.6.2.3}% 87
\BOOKMARK [3][-]{subsubsection.6.2.3.31}{\376\377\0006\000.\0002\000.\0003\000.\0003\0001\000\040\000n\000u\000m\0000}{subsection.6.2.3}% 88
\BOOKMARK [3][-]{subsubsection.6.2.3.32}{\376\377\0006\000.\0002\000.\0003\000.\0003\0002\000\040\000n\000u\000m\0001}{subsection.6.2.3}% 89
\BOOKMARK [3][-]{subsubsection.6.2.3.33}{\376\377\0006\000.\0002\000.\0003\000.\0003\0003\000\040\000n\000u\000m\0002}{subsection.6.2.3}% 90
\BOOKMARK [3][-]{subsubsection.6.2.3.34}{\376\377\0006\000.\0002\000.\0003\000.\0003\0004\000\040\000n\000u\000m\0003}{subsection.6.2.3}% 91
\BOOKMARK [3][-]{subsubsection.6.2.3.35}{\376\377\0006\000.\0002\000.\0003\000.\0003\0005\000\040\000n\000u\000m\0004}{subsection.6.2.3}% 92
\BOOKMARK [3][-]{subsubsection.6.2.3.36}{\376\377\0006\000.\0002\000.\0003\000.\0003\0006\000\040\000n\000u\000m\0005}{subsection.6.2.3}% 93
\BOOKMARK [3][-]{subsubsection.6.2.3.37}{\376\377\0006\000.\0002\000.\0003\000.\0003\0007\000\040\000n\000u\000m\0006}{subsection.6.2.3}% 94
\BOOKMARK [3][-]{subsubsection.6.2.3.38}{\376\377\0006\000.\0002\000.\0003\000.\0003\0008\000\040\000n\000u\000m\0007}{subsection.6.2.3}% 95
\BOOKMARK [3][-]{subsubsection.6.2.3.39}{\376\377\0006\000.\0002\000.\0003\000.\0003\0009\000\040\000n\000u\000m\0008}{subsection.6.2.3}% 96
\BOOKMARK [3][-]{subsubsection.6.2.3.40}{\376\377\0006\000.\0002\000.\0003\000.\0004\0000\000\040\000n\000u\000m\0009}{subsection.6.2.3}% 97
\BOOKMARK [3][-]{subsubsection.6.2.3.41}{\376\377\0006\000.\0002\000.\0003\000.\0004\0001\000\040\000o\000f\000f}{subsection.6.2.3}% 98
\BOOKMARK [3][-]{subsubsection.6.2.3.42}{\376\377\0006\000.\0002\000.\0003\000.\0004\0002\000\040\000o\000p\000e\000r\000a\000t\000i\000o\000n\000P\000e\000r\000f\000o\000r\000m\000e\000d}{subsection.6.2.3}% 99
\BOOKMARK [3][-]{subsubsection.6.2.3.43}{\376\377\0006\000.\0002\000.\0003\000.\0004\0003\000\040\000p\000i}{subsection.6.2.3}% 100
\BOOKMARK [3][-]{subsubsection.6.2.3.44}{\376\377\0006\000.\0002\000.\0003\000.\0004\0004\000\040\000P\000o\000w\000e\000r\0002}{subsection.6.2.3}% 101
\BOOKMARK [3][-]{subsubsection.6.2.3.45}{\376\377\0006\000.\0002\000.\0003\000.\0004\0005\000\040\000P\000o\000w\000e\000r\0003}{subsection.6.2.3}% 102
\BOOKMARK [3][-]{subsubsection.6.2.3.46}{\376\377\0006\000.\0002\000.\0003\000.\0004\0006\000\040\000p\000o\000w\000e\000r\000X}{subsection.6.2.3}% 103
\BOOKMARK [3][-]{subsubsection.6.2.3.47}{\376\377\0006\000.\0002\000.\0003\000.\0004\0007\000\040\000P\000o\000w\000e\000r\000X\000M\000i\000n\000u\000s\0001}{subsection.6.2.3}% 104
\BOOKMARK [3][-]{subsubsection.6.2.3.48}{\376\377\0006\000.\0002\000.\0003\000.\0004\0008\000\040\000R\000A\000N\000D}{subsection.6.2.3}% 105
\BOOKMARK [3][-]{subsubsection.6.2.3.49}{\376\377\0006\000.\0002\000.\0003\000.\0004\0009\000\040\000r\000e\000p\000e\000a\000t\000E\000q}{subsection.6.2.3}% 106
\BOOKMARK [3][-]{subsubsection.6.2.3.50}{\376\377\0006\000.\0002\000.\0003\000.\0005\0000\000\040\000r\000o\000o\000t}{subsection.6.2.3}% 107
\BOOKMARK [3][-]{subsubsection.6.2.3.51}{\376\377\0006\000.\0002\000.\0003\000.\0005\0001\000\040\000r\000o\000o\000t\0002}{subsection.6.2.3}% 108
\BOOKMARK [3][-]{subsubsection.6.2.3.52}{\376\377\0006\000.\0002\000.\0003\000.\0005\0002\000\040\000r\000o\000o\000t\0003}{subsection.6.2.3}% 109
\BOOKMARK [3][-]{subsubsection.6.2.3.53}{\376\377\0006\000.\0002\000.\0003\000.\0005\0003\000\040\000s\000e\000c\000o\000n\000d\000N\000u\000m}{subsection.6.2.3}% 110
\BOOKMARK [3][-]{subsubsection.6.2.3.54}{\376\377\0006\000.\0002\000.\0003\000.\0005\0004\000\040\000s\000h\000i\000f\000t}{subsection.6.2.3}% 111
\BOOKMARK [3][-]{subsubsection.6.2.3.55}{\376\377\0006\000.\0002\000.\0003\000.\0005\0005\000\040\000s\000h\000i\000f\000t\000C\000l\000i\000c\000k\000e\000d}{subsection.6.2.3}% 112
\BOOKMARK [3][-]{subsubsection.6.2.3.56}{\376\377\0006\000.\0002\000.\0003\000.\0005\0006\000\040\000s\000h\000i\000f\000t\000C\000l\000i\000c\000k\000e\000d\000P\000a\000n\000e\000l}{subsection.6.2.3}% 113
\BOOKMARK [3][-]{subsubsection.6.2.3.57}{\376\377\0006\000.\0002\000.\0003\000.\0005\0007\000\040\000s\000h\000i\000f\000t\000U\000n\000c\000l\000i\000c\000k\000e\000d\000P\000a\000n\000e\000l}{subsection.6.2.3}% 114
\BOOKMARK [3][-]{subsubsection.6.2.3.58}{\376\377\0006\000.\0002\000.\0003\000.\0005\0008\000\040\000s\000i\000n}{subsection.6.2.3}% 115
\BOOKMARK [3][-]{subsubsection.6.2.3.59}{\376\377\0006\000.\0002\000.\0003\000.\0005\0009\000\040\000s\000u\000b\000t\000r\000a\000c\000t\000i\000o\000n}{subsection.6.2.3}% 116
\BOOKMARK [3][-]{subsubsection.6.2.3.60}{\376\377\0006\000.\0002\000.\0003\000.\0006\0000\000\040\000t\000a\000n}{subsection.6.2.3}% 117
\BOOKMARK [3][-]{subsubsection.6.2.3.61}{\376\377\0006\000.\0002\000.\0003\000.\0006\0001\000\040\000t\000e\000x\000t\000B\000o\000x\0001}{subsection.6.2.3}% 118
\BOOKMARK [1][-]{section.6.3}{\376\377\0006\000.\0003\000\040\000M\000a\000t\000h\000C\000o\000m\000p\000o\000n\000e\000n\000t\000s\000N\000S\000.\000M\000a\000t\000h\000C\000o\000m\000p\000o\000n\000e\000n\000t\000s\000\040\000C\000l\000a\000s\000s\000\040\000R\000e\000f\000e\000r\000e\000n\000c\000e}{chapter.6}% 119
\BOOKMARK [2][-]{subsection.6.3.1}{\376\377\0006\000.\0003\000.\0001\000\040\000M\000e\000m\000b\000e\000r\000\040\000F\000u\000n\000c\000t\000i\000o\000n\000\040\000D\000o\000c\000u\000m\000e\000n\000t\000a\000t\000i\000o\000n}{section.6.3}% 120
\BOOKMARK [3][-]{subsubsection.6.3.1.1}{\376\377\0006\000.\0003\000.\0001\000.\0001\000\040\000A\000d\000d\000\050\000\051\000\040\000[\0001\000/\0002\000]}{subsection.6.3.1}% 121
\BOOKMARK [3][-]{subsubsection.6.3.1.2}{\376\377\0006\000.\0003\000.\0001\000.\0002\000\040\000A\000d\000d\000\050\000\051\000\040\000[\0002\000/\0002\000]}{subsection.6.3.1}% 122
\BOOKMARK [3][-]{subsubsection.6.3.1.3}{\376\377\0006\000.\0003\000.\0001\000.\0003\000\040\000A\000r\000c\000c\000o\000s\000\050\000\051\000\040\000[\0001\000/\0002\000]}{subsection.6.3.1}% 123
\BOOKMARK [3][-]{subsubsection.6.3.1.4}{\376\377\0006\000.\0003\000.\0001\000.\0004\000\040\000A\000r\000c\000c\000o\000s\000\050\000\051\000\040\000[\0002\000/\0002\000]}{subsection.6.3.1}% 124
\BOOKMARK [3][-]{subsubsection.6.3.1.5}{\376\377\0006\000.\0003\000.\0001\000.\0005\000\040\000A\000r\000c\000s\000i\000n\000\050\000\051\000\040\000[\0001\000/\0002\000]}{subsection.6.3.1}% 125
\BOOKMARK [3][-]{subsubsection.6.3.1.6}{\376\377\0006\000.\0003\000.\0001\000.\0006\000\040\000A\000r\000c\000s\000i\000n\000\050\000\051\000\040\000[\0002\000/\0002\000]}{subsection.6.3.1}% 126
\BOOKMARK [3][-]{subsubsection.6.3.1.7}{\376\377\0006\000.\0003\000.\0001\000.\0007\000\040\000A\000r\000c\000t\000a\000n\000\050\000\051\000\040\000[\0001\000/\0002\000]}{subsection.6.3.1}% 127
\BOOKMARK [3][-]{subsubsection.6.3.1.8}{\376\377\0006\000.\0003\000.\0001\000.\0008\000\040\000A\000r\000c\000t\000a\000n\000\050\000\051\000\040\000[\0002\000/\0002\000]}{subsection.6.3.1}% 128
\BOOKMARK [3][-]{subsubsection.6.3.1.9}{\376\377\0006\000.\0003\000.\0001\000.\0009\000\040\000C\000o\000s\000\050\000\051\000\040\000[\0001\000/\0002\000]}{subsection.6.3.1}% 129
\BOOKMARK [3][-]{subsubsection.6.3.1.10}{\376\377\0006\000.\0003\000.\0001\000.\0001\0000\000\040\000C\000o\000s\000\050\000\051\000\040\000[\0002\000/\0002\000]}{subsection.6.3.1}% 130
\BOOKMARK [3][-]{subsubsection.6.3.1.11}{\376\377\0006\000.\0003\000.\0001\000.\0001\0001\000\040\000D\000i\000v\000i\000d\000e\000\050\000\051\000\040\000[\0001\000/\0002\000]}{subsection.6.3.1}% 131
\BOOKMARK [3][-]{subsubsection.6.3.1.12}{\376\377\0006\000.\0003\000.\0001\000.\0001\0002\000\040\000D\000i\000v\000i\000d\000e\000\050\000\051\000\040\000[\0002\000/\0002\000]}{subsection.6.3.1}% 132
\BOOKMARK [3][-]{subsubsection.6.3.1.13}{\376\377\0006\000.\0003\000.\0001\000.\0001\0003\000\040\000E\000x\000p\000o\000n\000e\000n\000t\000i\000a\000t\000e\000\050\000\051\000\040\000[\0001\000/\0002\000]}{subsection.6.3.1}% 133
\BOOKMARK [3][-]{subsubsection.6.3.1.14}{\376\377\0006\000.\0003\000.\0001\000.\0001\0004\000\040\000E\000x\000p\000o\000n\000e\000n\000t\000i\000a\000t\000e\000\050\000\051\000\040\000[\0002\000/\0002\000]}{subsection.6.3.1}% 134
\BOOKMARK [3][-]{subsubsection.6.3.1.15}{\376\377\0006\000.\0003\000.\0001\000.\0001\0005\000\040\000F\000a\000c\000t\000o\000r\000i\000a\000l\000\050\000\051\000\040\000[\0001\000/\0002\000]}{subsection.6.3.1}% 135
\BOOKMARK [3][-]{subsubsection.6.3.1.16}{\376\377\0006\000.\0003\000.\0001\000.\0001\0006\000\040\000F\000a\000c\000t\000o\000r\000i\000a\000l\000\050\000\051\000\040\000[\0002\000/\0002\000]}{subsection.6.3.1}% 136
\BOOKMARK [3][-]{subsubsection.6.3.1.17}{\376\377\0006\000.\0003\000.\0001\000.\0001\0007\000\040\000L\000o\000g\000a\000r\000i\000t\000h\000m\000\050\000\051\000\040\000[\0001\000/\0002\000]}{subsection.6.3.1}% 137
\BOOKMARK [3][-]{subsubsection.6.3.1.18}{\376\377\0006\000.\0003\000.\0001\000.\0001\0008\000\040\000L\000o\000g\000a\000r\000i\000t\000h\000m\000\050\000\051\000\040\000[\0002\000/\0002\000]}{subsection.6.3.1}% 138
\BOOKMARK [3][-]{subsubsection.6.3.1.19}{\376\377\0006\000.\0003\000.\0001\000.\0001\0009\000\040\000M\000u\000l\000t\000i\000p\000l\000y\000\050\000\051\000\040\000[\0001\000/\0002\000]}{subsection.6.3.1}% 139
\BOOKMARK [3][-]{subsubsection.6.3.1.20}{\376\377\0006\000.\0003\000.\0001\000.\0002\0000\000\040\000M\000u\000l\000t\000i\000p\000l\000y\000\050\000\051\000\040\000[\0002\000/\0002\000]}{subsection.6.3.1}% 140
\BOOKMARK [3][-]{subsubsection.6.3.1.21}{\376\377\0006\000.\0003\000.\0001\000.\0002\0001\000\040\000R\000a\000n\000d\000o\000m\000\050\000\051\000\040\000[\0001\000/\0002\000]}{subsection.6.3.1}% 141
\BOOKMARK [3][-]{subsubsection.6.3.1.22}{\376\377\0006\000.\0003\000.\0001\000.\0002\0002\000\040\000R\000a\000n\000d\000o\000m\000\050\000\051\000\040\000[\0002\000/\0002\000]}{subsection.6.3.1}% 142
\BOOKMARK [3][-]{subsubsection.6.3.1.23}{\376\377\0006\000.\0003\000.\0001\000.\0002\0003\000\040\000R\000o\000o\000t\000\050\000\051\000\040\000[\0001\000/\0002\000]}{subsection.6.3.1}% 143
\BOOKMARK [3][-]{subsubsection.6.3.1.24}{\376\377\0006\000.\0003\000.\0001\000.\0002\0004\000\040\000R\000o\000o\000t\000\050\000\051\000\040\000[\0002\000/\0002\000]}{subsection.6.3.1}% 144
\BOOKMARK [3][-]{subsubsection.6.3.1.25}{\376\377\0006\000.\0003\000.\0001\000.\0002\0005\000\040\000S\000i\000n\000\050\000\051\000\040\000[\0001\000/\0002\000]}{subsection.6.3.1}% 145
\BOOKMARK [3][-]{subsubsection.6.3.1.26}{\376\377\0006\000.\0003\000.\0001\000.\0002\0006\000\040\000S\000i\000n\000\050\000\051\000\040\000[\0002\000/\0002\000]}{subsection.6.3.1}% 146
\BOOKMARK [3][-]{subsubsection.6.3.1.27}{\376\377\0006\000.\0003\000.\0001\000.\0002\0007\000\040\000S\000u\000b\000t\000r\000a\000c\000t\000\050\000\051\000\040\000[\0001\000/\0002\000]}{subsection.6.3.1}% 147
\BOOKMARK [3][-]{subsubsection.6.3.1.28}{\376\377\0006\000.\0003\000.\0001\000.\0002\0008\000\040\000S\000u\000b\000t\000r\000a\000c\000t\000\050\000\051\000\040\000[\0002\000/\0002\000]}{subsection.6.3.1}% 148
\BOOKMARK [3][-]{subsubsection.6.3.1.29}{\376\377\0006\000.\0003\000.\0001\000.\0002\0009\000\040\000T\000a\000n\000\050\000\051\000\040\000[\0001\000/\0002\000]}{subsection.6.3.1}% 149
\BOOKMARK [3][-]{subsubsection.6.3.1.30}{\376\377\0006\000.\0003\000.\0001\000.\0003\0000\000\040\000T\000a\000n\000\050\000\051\000\040\000[\0002\000/\0002\000]}{subsection.6.3.1}% 150
\BOOKMARK [3][-]{subsubsection.6.3.1.31}{\376\377\0006\000.\0003\000.\0001\000.\0003\0001\000\040\000T\000r\000u\000n\000c\000a\000t\000e\000T\000o\000F\000i\000t\000\050\000\051\000\040\000[\0001\000/\0002\000]}{subsection.6.3.1}% 151
\BOOKMARK [3][-]{subsubsection.6.3.1.32}{\376\377\0006\000.\0003\000.\0001\000.\0003\0002\000\040\000T\000r\000u\000n\000c\000a\000t\000e\000T\000o\000F\000i\000t\000\050\000\051\000\040\000[\0002\000/\0002\000]}{subsection.6.3.1}% 152
\BOOKMARK [3][-]{subsubsection.6.3.1.33}{\376\377\0006\000.\0003\000.\0001\000.\0003\0003\000\040\000U\000n\000c\000o\000n\000s\000t\000r\000a\000i\000n\000e\000d\000F\000a\000c\000t\000o\000r\000i\000a\000l\000\050\000\051\000\040\000[\0001\000/\0002\000]}{subsection.6.3.1}% 153
\BOOKMARK [3][-]{subsubsection.6.3.1.34}{\376\377\0006\000.\0003\000.\0001\000.\0003\0004\000\040\000U\000n\000c\000o\000n\000s\000t\000r\000a\000i\000n\000e\000d\000F\000a\000c\000t\000o\000r\000i\000a\000l\000\050\000\051\000\040\000[\0002\000/\0002\000]}{subsection.6.3.1}% 154
\BOOKMARK [2][-]{subsection.6.3.2}{\376\377\0006\000.\0003\000.\0002\000\040\000M\000e\000m\000b\000e\000r\000\040\000D\000a\000t\000a\000\040\000D\000o\000c\000u\000m\000e\000n\000t\000a\000t\000i\000o\000n}{section.6.3}% 155
\BOOKMARK [3][-]{subsubsection.6.3.2.1}{\376\377\0006\000.\0003\000.\0002\000.\0001\000\040\000b\000o\000o\000l}{subsection.6.3.2}% 156
\BOOKMARK [3][-]{subsubsection.6.3.2.2}{\376\377\0006\000.\0003\000.\0002\000.\0002\000\040\000c\000o\000n\000s\000t\000E}{subsection.6.3.2}% 157
\BOOKMARK [3][-]{subsubsection.6.3.2.3}{\376\377\0006\000.\0003\000.\0002\000.\0003\000\040\000c\000o\000n\000s\000t\000P\000I}{subsection.6.3.2}% 158
\BOOKMARK [3][-]{subsubsection.6.3.2.4}{\376\377\0006\000.\0003\000.\0002\000.\0004\000\040\000e\000r\000r\000o\000r}{subsection.6.3.2}% 159
\BOOKMARK [1][-]{section.6.4}{\376\377\0006\000.\0004\000\040\000K\000a\000l\000k\000u\000l\000a\000c\000k\000a\000.\000P\000r\000o\000g\000r\000a\000m\000\040\000C\000l\000a\000s\000s\000\040\000R\000e\000f\000e\000r\000e\000n\000c\000e}{chapter.6}% 160
\BOOKMARK [2][-]{subsection.6.4.1}{\376\377\0006\000.\0004\000.\0001\000\040\000M\000e\000m\000b\000e\000r\000\040\000F\000u\000n\000c\000t\000i\000o\000n\000\040\000D\000o\000c\000u\000m\000e\000n\000t\000a\000t\000i\000o\000n}{section.6.4}% 161
\BOOKMARK [3][-]{subsubsection.6.4.1.1}{\376\377\0006\000.\0004\000.\0001\000.\0001\000\040\000M\000a\000i\000n\000\050\000\051}{subsection.6.4.1}% 162
\BOOKMARK [1][-]{section.6.5}{\376\377\0006\000.\0005\000\040\000P\000r\000o\000f\000i\000l\000i\000n\000g\000.\000P\000r\000o\000g\000r\000a\000m\000\040\000C\000l\000a\000s\000s\000\040\000R\000e\000f\000e\000r\000e\000n\000c\000e}{chapter.6}% 163
\BOOKMARK [2][-]{subsection.6.5.1}{\376\377\0006\000.\0005\000.\0001\000\040\000M\000e\000m\000b\000e\000r\000\040\000F\000u\000n\000c\000t\000i\000o\000n\000\040\000D\000o\000c\000u\000m\000e\000n\000t\000a\000t\000i\000o\000n}{section.6.5}% 164
\BOOKMARK [3][-]{subsubsection.6.5.1.1}{\376\377\0006\000.\0005\000.\0001\000.\0001\000\040\000M\000a\000i\000n\000\050\000\051}{subsection.6.5.1}% 165
\BOOKMARK [0][-]{chapter.7}{\376\377\0007\000\040\000F\000i\000l\000e\000\040\000D\000o\000c\000u\000m\000e\000n\000t\000a\000t\000i\000o\000n}{}% 166
\BOOKMARK [1][-]{section.7.1}{\376\377\0007\000.\0001\000\040\000K\000a\000l\000k\000u\000l\000a\000c\000k\000a\000/\000F\000o\000r\000m\0001\000.\000c\000s\000\040\000F\000i\000l\000e\000\040\000R\000e\000f\000e\000r\000e\000n\000c\000e}{chapter.7}% 167
\BOOKMARK [2][-]{subsection.7.1.1}{\376\377\0007\000.\0001\000.\0001\000\040\000D\000e\000t\000a\000i\000l\000e\000d\000\040\000D\000e\000s\000c\000r\000i\000p\000t\000i\000o\000n}{section.7.1}% 168
\BOOKMARK [1][-]{section.7.2}{\376\377\0007\000.\0002\000\040\000K\000a\000l\000k\000u\000l\000a\000c\000k\000a\000/\000F\000o\000r\000m\0001\000.\000D\000e\000s\000i\000g\000n\000e\000r\000.\000c\000s\000\040\000F\000i\000l\000e\000\040\000R\000e\000f\000e\000r\000e\000n\000c\000e}{chapter.7}% 169
\BOOKMARK [1][-]{section.7.3}{\376\377\0007\000.\0003\000\040\000K\000a\000l\000k\000u\000l\000a\000c\000k\000a\000/\000M\000a\000t\000h\000.\000c\000s\000\040\000F\000i\000l\000e\000\040\000R\000e\000f\000e\000r\000e\000n\000c\000e}{chapter.7}% 170
\BOOKMARK [2][-]{subsection.7.3.1}{\376\377\0007\000.\0003\000.\0001\000\040\000D\000e\000t\000a\000i\000l\000e\000d\000\040\000D\000e\000s\000c\000r\000i\000p\000t\000i\000o\000n}{section.7.3}% 171
\BOOKMARK [1][-]{section.7.4}{\376\377\0007\000.\0004\000\040\000P\000r\000o\000f\000i\000l\000i\000n\000g\000/\000M\000a\000t\000h\000.\000c\000s\000\040\000F\000i\000l\000e\000\040\000R\000e\000f\000e\000r\000e\000n\000c\000e}{chapter.7}% 172
\BOOKMARK [2][-]{subsection.7.4.1}{\376\377\0007\000.\0004\000.\0001\000\040\000D\000e\000t\000a\000i\000l\000e\000d\000\040\000D\000e\000s\000c\000r\000i\000p\000t\000i\000o\000n}{section.7.4}% 173
\BOOKMARK [1][-]{section.7.5}{\376\377\0007\000.\0005\000\040\000K\000a\000l\000k\000u\000l\000a\000c\000k\000a\000/\000P\000r\000o\000g\000r\000a\000m\000.\000c\000s\000\040\000F\000i\000l\000e\000\040\000R\000e\000f\000e\000r\000e\000n\000c\000e}{chapter.7}% 174
\BOOKMARK [1][-]{section.7.6}{\376\377\0007\000.\0006\000\040\000P\000r\000o\000f\000i\000l\000i\000n\000g\000/\000P\000r\000o\000g\000r\000a\000m\000.\000c\000s\000\040\000F\000i\000l\000e\000\040\000R\000e\000f\000e\000r\000e\000n\000c\000e}{chapter.7}% 175
\BOOKMARK [1][-]{section.7.7}{\376\377\0007\000.\0007\000\040\000K\000a\000l\000k\000u\000l\000a\000c\000k\000a\000/\000P\000r\000o\000p\000e\000r\000t\000i\000e\000s\000/\000A\000s\000s\000e\000m\000b\000l\000y\000I\000n\000f\000o\000.\000c\000s\000\040\000F\000i\000l\000e\000\040\000R\000e\000f\000e\000r\000e\000n\000c\000e}{chapter.7}% 176
\BOOKMARK [1][-]{section.7.8}{\376\377\0007\000.\0008\000\040\000P\000r\000o\000f\000i\000l\000i\000n\000g\000/\000P\000r\000o\000p\000e\000r\000t\000i\000e\000s\000/\000A\000s\000s\000e\000m\000b\000l\000y\000I\000n\000f\000o\000.\000c\000s\000\040\000F\000i\000l\000e\000\040\000R\000e\000f\000e\000r\000e\000n\000c\000e}{chapter.7}% 177
\BOOKMARK [1][-]{section.7.9}{\376\377\0007\000.\0009\000\040\000K\000a\000l\000k\000u\000l\000a\000c\000k\000a\000/\000P\000r\000o\000p\000e\000r\000t\000i\000e\000s\000/\000R\000e\000s\000o\000u\000r\000c\000e\000s\000.\000D\000e\000s\000i\000g\000n\000e\000r\000.\000c\000s\000\040\000F\000i\000l\000e\000\040\000R\000e\000f\000e\000r\000e\000n\000c\000e}{chapter.7}% 178
\BOOKMARK [1][-]{section.7.10}{\376\377\0007\000.\0001\0000\000\040\000K\000a\000l\000k\000u\000l\000a\000c\000k\000a\000/\000P\000r\000o\000p\000e\000r\000t\000i\000e\000s\000/\000S\000e\000t\000t\000i\000n\000g\000s\000.\000D\000e\000s\000i\000g\000n\000e\000r\000.\000c\000s\000\040\000F\000i\000l\000e\000\040\000R\000e\000f\000e\000r\000e\000n\000c\000e}{chapter.7}% 179
\BOOKMARK [1][-]{section.7.11}{\376\377\0007\000.\0001\0001\000\040\000M\000a\000t\000h\000T\000e\000s\000t\000/\000B\000a\000s\000i\000c\000M\000a\000t\000h\000T\000e\000s\000t\000s\000.\000c\000s\000\040\000F\000i\000l\000e\000\040\000R\000e\000f\000e\000r\000e\000n\000c\000e}{chapter.7}% 180
\BOOKMARK [1][-]{section.7.12}{\376\377\0007\000.\0001\0002\000\040\000M\000a\000t\000h\000T\000e\000s\000t\000/\000o\000b\000j\000/\000D\000e\000b\000u\000g\000/\000n\000e\000t\000c\000o\000r\000e\000a\000p\000p\0003\000.\0001\000/\000M\000a\000t\000h\000T\000e\000s\000t\000.\000A\000s\000s\000e\000m\000b\000l\000y\000I\000n\000f\000o\000.\000c\000s\000\040\000F\000i\000l\000e\000\040\000R\000e\000f\000e\000r\000e\000n\000c\000e}{chapter.7}% 181
\BOOKMARK [1][-]{section.7.13}{\376\377\0007\000.\0001\0003\000\040\000M\000a\000t\000h\000T\000e\000s\000t\000/\000o\000b\000j\000/\000R\000e\000l\000e\000a\000s\000e\000/\000n\000e\000t\000c\000o\000r\000e\000a\000p\000p\0003\000.\0001\000/\000M\000a\000t\000h\000T\000e\000s\000t\000.\000A\000s\000s\000e\000m\000b\000l\000y\000I\000n\000f\000o\000.\000c\000s\000\040\000F\000i\000l\000e\000\040\000R\000e\000f\000e\000r\000e\000n\000c\000e}{chapter.7}% 182
\BOOKMARK [1][-]{section.7.14}{\376\377\0007\000.\0001\0004\000\040\000M\000a\000t\000h\000T\000e\000s\000t\000/\000o\000b\000j\000/\000x\0006\0004\000/\000R\000e\000l\000e\000a\000s\000e\000/\000n\000e\000t\000c\000o\000r\000e\000a\000p\000p\0003\000.\0001\000/\000M\000a\000t\000h\000T\000e\000s\000t\000.\000A\000s\000s\000e\000m\000b\000l\000y\000I\000n\000f\000o\000.\000c\000s\000\040\000F\000i\000l\000e\000\040\000R\000e\000f\000e\000r\000e\000n\000c\000e}{chapter.7}% 183
\BOOKMARK [0][-]{section*.37}{\376\377\000I\000n\000d\000e\000x}{}% 184
